============================================================
Deployment   : 210804
Current time : 8/4/2021 11:06:24 AM
Start at     : 8/4/2021 6:45:00 PM
Comment:
Varari 24h sampling start 4th August 21
------------------------------------------------------------
Measurement interval  (s) : 120
Cell size            (mm) : 50
Orientation               : UPLOOKING SHALLOW WATER
Distance to surface   (m) : 2.00
Pulse distance        (m) : 1.00
Profile range         (m) : 0.85
Horiz. vel. range   (m/s) : 0.91
Vert. vel. range    (m/s) : 0.39
Number of cells           : 17
Average interval      (s) : 60
Blanking distance     (m) : 0.100
Measurement load      (%) : 44
Samples per burst         : N/A
Sampling rate        (Hz) : N/A
Compass upd. rate     (s) : 60
Coordinate System         : ENU
Speed of sound      (m/s) : MEASURED
Salinity            (ppt) : 35
Analog input 1            : NONE
Analog input 2            : NONE
Analog input power out    : DISABLED
File wrapping             : OFF
TellTale                  : OFF
Acoustic modem            : OFF
Serial output             : OFF
Baud rate                 : 9600
------------------------------------------------------------
Assumed duration   (days) : 2.0
Battery utilization   (%) : 41.0
Battery level         (V) : 11.9
Recorder size        (MB) : 161
Recorder free space  (MB) : 160.973
Memory required      (MB) : 0.4
------------------------------------------------------------
Instrument ID             : AQD 2670
Head ID                   : ASP 2348
Firmware version          : 1.08 HR
------------------------------------------------------------
AquaProHR Version 1.11.03
Copyright (C) Nortek AS
============================================================
