============================================================
Deployment   : 230210
Current time : 2/10/2023 10:36:22 AM
Start at     : 2/10/2023 11:00:00 AM
Comment:
Feb 10 2023 deployment for 3 weeks at Varari
------------------------------------------------------------
Measurement interval  (s) : 600
Cell size            (mm) : 50
Orientation               : UPLOOKING SHALLOW WATER
Distance to surface   (m) : 2.00
Pulse distance        (m) : 1.00
Profile range         (m) : 0.80
Horiz. vel. range   (m/s) : 0.91
Vert. vel. range    (m/s) : 0.39
Number of cells           : 16
Average interval      (s) : 60
Blanking distance     (m) : 0.104
Measurement load      (%) : 44
Samples per burst         : N/A
Sampling rate        (Hz) : N/A
Compass upd. rate     (s) : 60
Coordinate System         : ENU
Speed of sound      (m/s) : MEASURED
Salinity            (ppt) : 35
Analog input 1            : NONE
Analog input 2            : NONE
Analog input power out    : DISABLED
File wrapping             : OFF
TellTale                  : OFF
Acoustic modem            : OFF
Serial output             : OFF
Baud rate                 : 9600
------------------------------------------------------------
Assumed duration   (days) : 21.0
Battery utilization   (%) : 88.0
Battery level         (V) : 11.7
Recorder size        (MB) : 161
Recorder free space  (MB) : 159.117
Memory required      (MB) : 0.7
------------------------------------------------------------
Instrument ID             : AQD 2670
Head ID                   : ASP 2348
Firmware version          : 1.08 HR
------------------------------------------------------------
AquaProHR Version 1.11.03
Copyright (C) Nortek AS
============================================================
